Using pre-set license
Built from '2021.3/staging' branch; Version is '2021.3.6f1 (7da38d85baf6) revision 8233869'; Using compiler version '192829333'; Build Type 'Release'
OS: 'Windows 11  (10.0.22000) 64bit CoreCountrySpecific' Language: 'zh' Physical Memory: 16108 MB
BatchMode: 1, IsHumanControllingUs: 0, StartBugReporterOnCrash: 0, Is64bit: 1, IsPro: 1

COMMAND LINE ARGUMENTS:
D:\Unity Editor\2021.3.6f1\Editor\Unity.exe
-adb2
-batchMode
-noUpm
-name
AssetImportWorker0
-projectPath
D:/GitRepo/NodeEditor
-logFile
Logs/AssetImportWorker0.log
-srvPort
51516
Successfully changed project path to: D:/GitRepo/NodeEditor
D:/GitRepo/NodeEditor
[UnityMemory] Configuration Parameters - Can be set up in boot.config
    "memorysetup-bucket-allocator-granularity=16"
    "memorysetup-bucket-allocator-bucket-count=8"
    "memorysetup-bucket-allocator-block-size=33554432"
    "memorysetup-bucket-allocator-block-count=8"
    "memorysetup-main-allocator-block-size=16777216"
    "memorysetup-thread-allocator-block-size=16777216"
    "memorysetup-gfx-main-allocator-block-size=16777216"
    "memorysetup-gfx-thread-allocator-block-size=16777216"
    "memorysetup-cache-allocator-block-size=4194304"
    "memorysetup-typetree-allocator-block-size=2097152"
    "memorysetup-profiler-bucket-allocator-granularity=16"
    "memorysetup-profiler-bucket-allocator-bucket-count=8"
    "memorysetup-profiler-bucket-allocator-block-size=33554432"
    "memorysetup-profiler-bucket-allocator-block-count=8"
    "memorysetup-profiler-allocator-block-size=16777216"
    "memorysetup-profiler-editor-allocator-block-size=1048576"
    "memorysetup-temp-allocator-size-main=16777216"
    "memorysetup-job-temp-allocator-block-size=2097152"
    "memorysetup-job-temp-allocator-block-size-background=1048576"
    "memorysetup-job-temp-allocator-reduction-small-platforms=262144"
    "memorysetup-temp-allocator-size-background-worker=32768"
    "memorysetup-temp-allocator-size-job-worker=262144"
    "memorysetup-temp-allocator-size-preload-manager=33554432"
    "memorysetup-temp-allocator-size-nav-mesh-worker=65536"
    "memorysetup-temp-allocator-size-audio-worker=65536"
    "memorysetup-temp-allocator-size-cloud-worker=32768"
    "memorysetup-temp-allocator-size-gi-baking-worker=262144"
    "memorysetup-temp-allocator-size-gfx=262144"
Refreshing native plugins compatible for Editor in 17.28 ms, found 2 plugins.
Preloading 0 native plugins for Editor in 0.00 ms.
Initialize engine version: 2021.3.6f1 (7da38d85baf6)
[Subsystems] Discovering subsystems at path D:/Unity Editor/2021.3.6f1/Editor/Data/Resources/UnitySubsystems
[Subsystems] Discovering subsystems at path D:/GitRepo/NodeEditor/Assets
GfxDevice: creating device client; threaded=0; jobified=0
Direct3D:
    Version:  Direct3D 11.0 [level 11.1]
    Renderer: NVIDIA GeForce RTX 3060 Laptop GPU (ID=0x2560)
    Vendor:   NVIDIA
    VRAM:     6023 MB
    Driver:   30.0.15.1264
Initialize mono
Mono path[0] = 'D:/Unity Editor/2021.3.6f1/Editor/Data/Managed'
Mono path[1] = 'D:/Unity Editor/2021.3.6f1/Editor/Data/MonoBleedingEdge/lib/mono/unityjit-win32'
Mono config path = 'D:/Unity Editor/2021.3.6f1/Editor/Data/MonoBleedingEdge/etc'
Using monoOptions --debugger-agent=transport=dt_socket,embedding=1,server=y,suspend=n,address=127.0.0.1:56312
Begin MonoManager ReloadAssembly
Registering precompiled unity dll's ...
Register platform support module: D:/Unity Editor/2021.3.6f1/Editor/Data/PlaybackEngines/WindowsStandaloneSupport/UnityEditor.WindowsStandalone.Extensions.dll
Registered in 0.001238 seconds.
Native extension for WindowsStandalone target not found
Refreshing native plugins compatible for Editor in 19.69 ms, found 2 plugins.
Preloading 0 native plugins for Editor in 0.00 ms.
Mono: successfully reloaded assembly
- Completed reload, in  0.379 seconds
Domain Reload Profiling:
	ReloadAssembly (379ms)
		BeginReloadAssembly (58ms)
			ExecutionOrderSort (0ms)
			DisableScriptedObjects (0ms)
			BackupInstance (0ms)
			ReleaseScriptingObjects (0ms)
			CreateAndSetChildDomain (1ms)
		EndReloadAssembly (254ms)
			LoadAssemblies (58ms)
			RebuildTransferFunctionScriptingTraits (0ms)
			SetupTypeCache (64ms)
			ReleaseScriptCaches (0ms)
			RebuildScriptCaches (20ms)
			SetupLoadedEditorAssemblies (141ms)
				LogAssemblyErrors (0ms)
				InitializePlatformSupportModulesInManaged (5ms)
				SetLoadedEditorAssemblies (0ms)
				RefreshPlugins (20ms)
				BeforeProcessingInitializeOnLoad (1ms)
				ProcessInitializeOnLoadAttributes (83ms)
				ProcessInitializeOnLoadMethodAttributes (31ms)
				AfterProcessingInitializeOnLoad (0ms)
				EditorAssembliesLoaded (0ms)
			ExecutionOrderSort2 (0ms)
			AwakeInstancesAfterBackupRestoration (0ms)
Platform modules already initialized, skipping
Registering precompiled user dll's ...
Registered in 0.001276 seconds.
Begin MonoManager ReloadAssembly
Native extension for WindowsStandalone target not found
Refreshing native plugins compatible for Editor in 0.26 ms, found 2 plugins.
Preloading 0 native plugins for Editor in 0.00 ms.
Mono: successfully reloaded assembly
- Completed reload, in  0.564 seconds
Domain Reload Profiling:
	ReloadAssembly (564ms)
		BeginReloadAssembly (79ms)
			ExecutionOrderSort (0ms)
			DisableScriptedObjects (4ms)
			BackupInstance (0ms)
			ReleaseScriptingObjects (0ms)
			CreateAndSetChildDomain (16ms)
		EndReloadAssembly (418ms)
			LoadAssemblies (52ms)
			RebuildTransferFunctionScriptingTraits (0ms)
			SetupTypeCache (114ms)
			ReleaseScriptCaches (0ms)
			RebuildScriptCaches (28ms)
			SetupLoadedEditorAssemblies (204ms)
				LogAssemblyErrors (0ms)
				InitializePlatformSupportModulesInManaged (3ms)
				SetLoadedEditorAssemblies (0ms)
				RefreshPlugins (0ms)
				BeforeProcessingInitializeOnLoad (34ms)
				ProcessInitializeOnLoadAttributes (146ms)
				ProcessInitializeOnLoadMethodAttributes (19ms)
				AfterProcessingInitializeOnLoad (1ms)
				EditorAssembliesLoaded (0ms)
			ExecutionOrderSort2 (0ms)
			AwakeInstancesAfterBackupRestoration (5ms)
Platform modules already initialized, skipping
========================================================================
Worker process is ready to serve import requests
Launched and connected shader compiler UnityShaderCompiler.exe after 0.03 seconds
Refreshing native plugins compatible for Editor in 0.26 ms, found 2 plugins.
Preloading 0 native plugins for Editor in 0.00 ms.
Unloading 1676 Unused Serialized files (Serialized files now loaded: 0)
Unloading 19 unused Assets / (47.4 KB). Loaded Objects now: 2141.
Memory consumption went from 71.9 MB to 71.9 MB.
Total: 2.397900 ms (FindLiveObjects: 0.098500 ms CreateObjectMapping: 0.029300 ms MarkObjects: 2.205800 ms  DeleteObjects: 0.063000 ms)

AssetImportParameters requested are different than current active one (requested -> active):
  custom:video-decoder-ogg-theora: a1e56fd34408186e4bbccfd4996cb3dc -> 
  custom:container-muxer-webm: aa71ff27fc2769a1b78a27578f13a17b -> 
  custom:container-demuxer-webm: 4f35f7cbe854078d1ac9338744f61a02 -> 
  custom:video-encoder-webm-vp8: eb34c28f22e8b96e1ab97ce403110664 -> 
  custom:video-codec-MediaFoundation-h265: 746d11721c4dcdbdad8f713fa42b33f4 -> 
  custom:audio-encoder-webm-vorbis: bf7c407c2cedff20999df2af8eb42d56 -> 
  custom:framework-win-MediaFoundation: 216162199b28c13a410421893ffa2e32 -> 
  custom:container-demuxer-ogg: 62fdf1f143b41e24485cea50d1cbac27 -> 
  custom:video-decoder-webm-vp8: 9c59270c3fd7afecdb556c50c9e8de78 -> 
  custom:audio-decoder-ogg-vorbis: bf7c407c2cedff20999df2af8eb42d56 -> 
========================================================================
Received Prepare
Registering precompiled user dll's ...
Registered in 0.001320 seconds.
Begin MonoManager ReloadAssembly
Native extension for WindowsStandalone target not found
Refreshing native plugins compatible for Editor in 0.26 ms, found 2 plugins.
Preloading 0 native plugins for Editor in 0.00 ms.
Mono: successfully reloaded assembly
- Completed reload, in  0.698 seconds
Domain Reload Profiling:
	ReloadAssembly (699ms)
		BeginReloadAssembly (103ms)
			ExecutionOrderSort (0ms)
			DisableScriptedObjects (5ms)
			BackupInstance (0ms)
			ReleaseScriptingObjects (0ms)
			CreateAndSetChildDomain (28ms)
		EndReloadAssembly (533ms)
			LoadAssemblies (56ms)
			RebuildTransferFunctionScriptingTraits (0ms)
			SetupTypeCache (126ms)
			ReleaseScriptCaches (1ms)
			RebuildScriptCaches (27ms)
			SetupLoadedEditorAssemblies (291ms)
				LogAssemblyErrors (0ms)
				InitializePlatformSupportModulesInManaged (8ms)
				SetLoadedEditorAssemblies (0ms)
				RefreshPlugins (0ms)
				BeforeProcessingInitializeOnLoad (30ms)
				ProcessInitializeOnLoadAttributes (221ms)
				ProcessInitializeOnLoadMethodAttributes (29ms)
				AfterProcessingInitializeOnLoad (2ms)
				EditorAssembliesLoaded (0ms)
			ExecutionOrderSort2 (0ms)
			AwakeInstancesAfterBackupRestoration (6ms)
Platform modules already initialized, skipping
Refreshing native plugins compatible for Editor in 1.09 ms, found 2 plugins.
Preloading 0 native plugins for Editor in 0.00 ms.
Unloading 1670 Unused Serialized files (Serialized files now loaded: 0)
Unloading 12 unused Assets / (24.5 KB). Loaded Objects now: 2144.
Memory consumption went from 71.7 MB to 71.7 MB.
Total: 2.644900 ms (FindLiveObjects: 0.125200 ms CreateObjectMapping: 0.048100 ms MarkObjects: 2.453900 ms  DeleteObjects: 0.016700 ms)

AssetImportParameters requested are different than current active one (requested -> active):
  custom:video-decoder-ogg-theora: a1e56fd34408186e4bbccfd4996cb3dc -> 
  custom:container-muxer-webm: aa71ff27fc2769a1b78a27578f13a17b -> 
  custom:container-demuxer-webm: 4f35f7cbe854078d1ac9338744f61a02 -> 
  custom:video-encoder-webm-vp8: eb34c28f22e8b96e1ab97ce403110664 -> 
  custom:video-codec-MediaFoundation-h265: 746d11721c4dcdbdad8f713fa42b33f4 -> 
  custom:audio-encoder-webm-vorbis: bf7c407c2cedff20999df2af8eb42d56 -> 
  custom:framework-win-MediaFoundation: 216162199b28c13a410421893ffa2e32 -> 
  custom:container-demuxer-ogg: 62fdf1f143b41e24485cea50d1cbac27 -> 
  custom:video-decoder-webm-vp8: 9c59270c3fd7afecdb556c50c9e8de78 -> 
  custom:audio-decoder-ogg-vorbis: bf7c407c2cedff20999df2af8eb42d56 -> 
========================================================================
Received Import Request.
  Time since last request: 130122.747583 seconds.
  path: Assets/Script/ConnectPoint.cs
  artifactKey: Guid(bcc186c8c2d84a24ca5927111c7f2b06) Importer(815301076,1909f56bfc062723c751e8b465ee728b)
Start importing Assets/Script/ConnectPoint.cs using Guid(bcc186c8c2d84a24ca5927111c7f2b06) Importer(815301076,1909f56bfc062723c751e8b465ee728b)  -> (artifact id: 'a98643b5ad1e698f7c3d0058c52b6c89') in 0.019950 seconds 
========================================================================
Received Import Request.
  Time since last request: 45.958414 seconds.
  path: Assets/Script/ConnectPoint.cs
  artifactKey: Guid(bcc186c8c2d84a24ca5927111c7f2b06) Importer(815301076,1909f56bfc062723c751e8b465ee728b)
Start importing Assets/Script/ConnectPoint.cs using Guid(bcc186c8c2d84a24ca5927111c7f2b06) Importer(815301076,1909f56bfc062723c751e8b465ee728b)  -> (artifact id: 'fbc011c91cd75de6491bbca92fd324d6') in 0.001950 seconds 
========================================================================
Received Import Request.
  Time since last request: 10.997777 seconds.
  path: Assets/Script/ConnectPoint.cs
  artifactKey: Guid(bcc186c8c2d84a24ca5927111c7f2b06) Importer(815301076,1909f56bfc062723c751e8b465ee728b)
Start importing Assets/Script/ConnectPoint.cs using Guid(bcc186c8c2d84a24ca5927111c7f2b06) Importer(815301076,1909f56bfc062723c751e8b465ee728b)  -> (artifact id: '5bcd6c02eea6f8fa43c57952ac7a1a3b') in 0.001757 seconds 
========================================================================
Received Import Request.
  Time since last request: 47.826036 seconds.
  path: Assets/Script/ConnectPoint.cs
  artifactKey: Guid(bcc186c8c2d84a24ca5927111c7f2b06) Importer(815301076,1909f56bfc062723c751e8b465ee728b)
Start importing Assets/Script/ConnectPoint.cs using Guid(bcc186c8c2d84a24ca5927111c7f2b06) Importer(815301076,1909f56bfc062723c751e8b465ee728b)  -> (artifact id: '76d80b9a983328fc906aff84120d14ea') in 0.001459 seconds 
========================================================================
Received Import Request.
  Time since last request: 37.630697 seconds.
  path: Assets/Script/ConnectPoint.cs
  artifactKey: Guid(bcc186c8c2d84a24ca5927111c7f2b06) Importer(815301076,1909f56bfc062723c751e8b465ee728b)
Start importing Assets/Script/ConnectPoint.cs using Guid(bcc186c8c2d84a24ca5927111c7f2b06) Importer(815301076,1909f56bfc062723c751e8b465ee728b)  -> (artifact id: '517498dae61b63febb72c30e91e9b84f') in 0.001402 seconds 
========================================================================
Received Import Request.
  Time since last request: 95.910641 seconds.
  path: Assets/Script/ConnectPoint.cs
  artifactKey: Guid(bcc186c8c2d84a24ca5927111c7f2b06) Importer(815301076,1909f56bfc062723c751e8b465ee728b)
Start importing Assets/Script/ConnectPoint.cs using Guid(bcc186c8c2d84a24ca5927111c7f2b06) Importer(815301076,1909f56bfc062723c751e8b465ee728b)  -> (artifact id: '242fc5e14f5d1ec6af0b725e8cb494ec') in 0.001501 seconds 
========================================================================
Received Import Request.
  Time since last request: 208.471754 seconds.
  path: Assets/Script/ConnectPoint.cs
  artifactKey: Guid(bcc186c8c2d84a24ca5927111c7f2b06) Importer(815301076,1909f56bfc062723c751e8b465ee728b)
Start importing Assets/Script/ConnectPoint.cs using Guid(bcc186c8c2d84a24ca5927111c7f2b06) Importer(815301076,1909f56bfc062723c751e8b465ee728b)  -> (artifact id: 'e39d0566c385dc9d94b6cf590d0c2cb4') in 0.001493 seconds 
========================================================================
Received Import Request.
  Time since last request: 35.112097 seconds.
  path: Assets/Script/ConnectPoint.cs
  artifactKey: Guid(bcc186c8c2d84a24ca5927111c7f2b06) Importer(815301076,1909f56bfc062723c751e8b465ee728b)
Start importing Assets/Script/ConnectPoint.cs using Guid(bcc186c8c2d84a24ca5927111c7f2b06) Importer(815301076,1909f56bfc062723c751e8b465ee728b)  -> (artifact id: '59b6cc6a87cd14ca985c00e0a8d9ac52') in 0.001425 seconds 
========================================================================
Received Import Request.
  Time since last request: 61.333375 seconds.
  path: Assets/Script/ConnectPoint.cs
  artifactKey: Guid(bcc186c8c2d84a24ca5927111c7f2b06) Importer(815301076,1909f56bfc062723c751e8b465ee728b)
Start importing Assets/Script/ConnectPoint.cs using Guid(bcc186c8c2d84a24ca5927111c7f2b06) Importer(815301076,1909f56bfc062723c751e8b465ee728b)  -> (artifact id: '297c3c12a2a82a4a14f3206db6960ae9') in 0.001472 seconds 
========================================================================
Received Prepare
Registering precompiled user dll's ...
Registered in 0.001287 seconds.
Begin MonoManager ReloadAssembly
Native extension for WindowsStandalone target not found
Refreshing native plugins compatible for Editor in 0.42 ms, found 2 plugins.
Preloading 0 native plugins for Editor in 0.00 ms.
Mono: successfully reloaded assembly
- Completed reload, in  0.700 seconds
Domain Reload Profiling:
	ReloadAssembly (701ms)
		BeginReloadAssembly (111ms)
			ExecutionOrderSort (0ms)
			DisableScriptedObjects (5ms)
			BackupInstance (0ms)
			ReleaseScriptingObjects (0ms)
			CreateAndSetChildDomain (29ms)
		EndReloadAssembly (519ms)
			LoadAssemblies (61ms)
			RebuildTransferFunctionScriptingTraits (0ms)
			SetupTypeCache (142ms)
			ReleaseScriptCaches (1ms)
			RebuildScriptCaches (25ms)
			SetupLoadedEditorAssemblies (264ms)
				LogAssemblyErrors (0ms)
				InitializePlatformSupportModulesInManaged (13ms)
				SetLoadedEditorAssemblies (1ms)
				RefreshPlugins (0ms)
				BeforeProcessingInitializeOnLoad (33ms)
				ProcessInitializeOnLoadAttributes (191ms)
				ProcessInitializeOnLoadMethodAttributes (25ms)
				AfterProcessingInitializeOnLoad (2ms)
				EditorAssembliesLoaded (0ms)
			ExecutionOrderSort2 (0ms)
			AwakeInstancesAfterBackupRestoration (6ms)
Platform modules already initialized, skipping
Refreshing native plugins compatible for Editor in 0.65 ms, found 2 plugins.
Preloading 0 native plugins for Editor in 0.00 ms.
Unloading 1670 Unused Serialized files (Serialized files now loaded: 0)
Unloading 12 unused Assets / (24.6 KB). Loaded Objects now: 2147.
Memory consumption went from 71.7 MB to 71.7 MB.
Total: 2.175200 ms (FindLiveObjects: 0.084800 ms CreateObjectMapping: 0.031900 ms MarkObjects: 2.045300 ms  DeleteObjects: 0.012500 ms)

AssetImportParameters requested are different than current active one (requested -> active):
  custom:video-decoder-ogg-theora: a1e56fd34408186e4bbccfd4996cb3dc -> 
  custom:container-muxer-webm: aa71ff27fc2769a1b78a27578f13a17b -> 
  custom:container-demuxer-webm: 4f35f7cbe854078d1ac9338744f61a02 -> 
  custom:video-encoder-webm-vp8: eb34c28f22e8b96e1ab97ce403110664 -> 
  custom:video-codec-MediaFoundation-h265: 746d11721c4dcdbdad8f713fa42b33f4 -> 
  custom:audio-encoder-webm-vorbis: bf7c407c2cedff20999df2af8eb42d56 -> 
  custom:framework-win-MediaFoundation: 216162199b28c13a410421893ffa2e32 -> 
  custom:container-demuxer-ogg: 62fdf1f143b41e24485cea50d1cbac27 -> 
  custom:video-decoder-webm-vp8: 9c59270c3fd7afecdb556c50c9e8de78 -> 
  custom:audio-decoder-ogg-vorbis: bf7c407c2cedff20999df2af8eb42d56 -> 
========================================================================
Received Import Request.
  Time since last request: 55.616077 seconds.
  path: Assets/Script/ConnectPoint.cs
  artifactKey: Guid(bcc186c8c2d84a24ca5927111c7f2b06) Importer(815301076,1909f56bfc062723c751e8b465ee728b)
Start importing Assets/Script/ConnectPoint.cs using Guid(bcc186c8c2d84a24ca5927111c7f2b06) Importer(815301076,1909f56bfc062723c751e8b465ee728b)  -> (artifact id: '0ab3db9dbae0a5d7ba98fc5c30db36b4') in 0.003590 seconds 
========================================================================
Received Import Request.
  Time since last request: 29.804199 seconds.
  path: Assets/Script/ConnectPoint.cs
  artifactKey: Guid(bcc186c8c2d84a24ca5927111c7f2b06) Importer(815301076,1909f56bfc062723c751e8b465ee728b)
Start importing Assets/Script/ConnectPoint.cs using Guid(bcc186c8c2d84a24ca5927111c7f2b06) Importer(815301076,1909f56bfc062723c751e8b465ee728b)  -> (artifact id: 'e4f62d28f7a844068a54da423541cc06') in 0.001692 seconds 
========================================================================
Received Import Request.
  Time since last request: 57.264679 seconds.
  path: Assets/Script/ConnectPoint.cs
  artifactKey: Guid(bcc186c8c2d84a24ca5927111c7f2b06) Importer(815301076,1909f56bfc062723c751e8b465ee728b)
Start importing Assets/Script/ConnectPoint.cs using Guid(bcc186c8c2d84a24ca5927111c7f2b06) Importer(815301076,1909f56bfc062723c751e8b465ee728b)  -> (artifact id: 'bb78d7fdc474220d623eebf2b44ee9e9') in 0.001523 seconds 
========================================================================
Received Import Request.
  Time since last request: 10.166044 seconds.
  path: Assets/Script/ConnectionPoint.cs
  artifactKey: Guid(bcc186c8c2d84a24ca5927111c7f2b06) Importer(815301076,1909f56bfc062723c751e8b465ee728b)
Start importing Assets/Script/ConnectionPoint.cs using Guid(bcc186c8c2d84a24ca5927111c7f2b06) Importer(815301076,1909f56bfc062723c751e8b465ee728b)  -> (artifact id: '14fc63c0f8144157e3e19939d14dd6ca') in 0.006222 seconds 
========================================================================
Received Import Request.
  Time since last request: 17.357373 seconds.
  path: Assets/Script/ConnectionPoint.cs
  artifactKey: Guid(bcc186c8c2d84a24ca5927111c7f2b06) Importer(815301076,1909f56bfc062723c751e8b465ee728b)
Start importing Assets/Script/ConnectionPoint.cs using Guid(bcc186c8c2d84a24ca5927111c7f2b06) Importer(815301076,1909f56bfc062723c751e8b465ee728b)  -> (artifact id: '2aafb9609c2938c3bb44a686430f683d') in 0.002060 seconds 
========================================================================
Received Prepare
Registering precompiled user dll's ...
Registered in 0.001931 seconds.
Begin MonoManager ReloadAssembly
Native extension for WindowsStandalone target not found
Refreshing native plugins compatible for Editor in 0.33 ms, found 2 plugins.
Preloading 0 native plugins for Editor in 0.00 ms.
Mono: successfully reloaded assembly
- Completed reload, in  0.776 seconds
Domain Reload Profiling:
	ReloadAssembly (776ms)
		BeginReloadAssembly (126ms)
			ExecutionOrderSort (0ms)
			DisableScriptedObjects (6ms)
			BackupInstance (0ms)
			ReleaseScriptingObjects (0ms)
			CreateAndSetChildDomain (29ms)
		EndReloadAssembly (561ms)
			LoadAssemblies (77ms)
			RebuildTransferFunctionScriptingTraits (0ms)
			SetupTypeCache (161ms)
			ReleaseScriptCaches (1ms)
			RebuildScriptCaches (32ms)
			SetupLoadedEditorAssemblies (277ms)
				LogAssemblyErrors (0ms)
				InitializePlatformSupportModulesInManaged (10ms)
				SetLoadedEditorAssemblies (0ms)
				RefreshPlugins (0ms)
				BeforeProcessingInitializeOnLoad (39ms)
				ProcessInitializeOnLoadAttributes (197ms)
				ProcessInitializeOnLoadMethodAttributes (29ms)
				AfterProcessingInitializeOnLoad (2ms)
				EditorAssembliesLoaded (0ms)
			ExecutionOrderSort2 (0ms)
			AwakeInstancesAfterBackupRestoration (7ms)
Platform modules already initialized, skipping
Refreshing native plugins compatible for Editor in 0.66 ms, found 2 plugins.
Preloading 0 native plugins for Editor in 0.00 ms.
Unloading 1670 Unused Serialized files (Serialized files now loaded: 0)
Unloading 12 unused Assets / (24.6 KB). Loaded Objects now: 2150.
Memory consumption went from 71.7 MB to 71.7 MB.
Total: 2.089800 ms (FindLiveObjects: 0.090200 ms CreateObjectMapping: 0.032800 ms MarkObjects: 1.954300 ms  DeleteObjects: 0.011600 ms)

AssetImportParameters requested are different than current active one (requested -> active):
  custom:video-decoder-ogg-theora: a1e56fd34408186e4bbccfd4996cb3dc -> 
  custom:container-muxer-webm: aa71ff27fc2769a1b78a27578f13a17b -> 
  custom:container-demuxer-webm: 4f35f7cbe854078d1ac9338744f61a02 -> 
  custom:video-encoder-webm-vp8: eb34c28f22e8b96e1ab97ce403110664 -> 
  custom:video-codec-MediaFoundation-h265: 746d11721c4dcdbdad8f713fa42b33f4 -> 
  custom:audio-encoder-webm-vorbis: bf7c407c2cedff20999df2af8eb42d56 -> 
  custom:framework-win-MediaFoundation: 216162199b28c13a410421893ffa2e32 -> 
  custom:container-demuxer-ogg: 62fdf1f143b41e24485cea50d1cbac27 -> 
  custom:video-decoder-webm-vp8: 9c59270c3fd7afecdb556c50c9e8de78 -> 
  custom:audio-decoder-ogg-vorbis: bf7c407c2cedff20999df2af8eb42d56 -> 
========================================================================
Received Import Request.
  Time since last request: 19.221839 seconds.
  path: Assets/Script/Connection.cs
  artifactKey: Guid(248732b53a3eb064194f24d0b3802a77) Importer(815301076,1909f56bfc062723c751e8b465ee728b)
Start importing Assets/Script/Connection.cs using Guid(248732b53a3eb064194f24d0b3802a77) Importer(815301076,1909f56bfc062723c751e8b465ee728b)  -> (artifact id: 'd8c1b10da85ed7b239a4fe147ca0cf30') in 0.011551 seconds 
========================================================================
Received Prepare
Registering precompiled user dll's ...
Registered in 0.001478 seconds.
Begin MonoManager ReloadAssembly
Native extension for WindowsStandalone target not found
Refreshing native plugins compatible for Editor in 0.27 ms, found 2 plugins.
Preloading 0 native plugins for Editor in 0.00 ms.
Mono: successfully reloaded assembly
- Completed reload, in  0.591 seconds
Domain Reload Profiling:
	ReloadAssembly (591ms)
		BeginReloadAssembly (99ms)
			ExecutionOrderSort (0ms)
			DisableScriptedObjects (5ms)
			BackupInstance (0ms)
			ReleaseScriptingObjects (0ms)
			CreateAndSetChildDomain (26ms)
		EndReloadAssembly (430ms)
			LoadAssemblies (58ms)
			RebuildTransferFunctionScriptingTraits (0ms)
			SetupTypeCache (121ms)
			ReleaseScriptCaches (1ms)
			RebuildScriptCaches (25ms)
			SetupLoadedEditorAssemblies (204ms)
				LogAssemblyErrors (0ms)
				InitializePlatformSupportModulesInManaged (10ms)
				SetLoadedEditorAssemblies (0ms)
				RefreshPlugins (0ms)
				BeforeProcessingInitializeOnLoad (31ms)
				ProcessInitializeOnLoadAttributes (140ms)
				ProcessInitializeOnLoadMethodAttributes (20ms)
				AfterProcessingInitializeOnLoad (1ms)
				EditorAssembliesLoaded (0ms)
			ExecutionOrderSort2 (0ms)
			AwakeInstancesAfterBackupRestoration (5ms)
Platform modules already initialized, skipping
Refreshing native plugins compatible for Editor in 0.65 ms, found 2 plugins.
Preloading 0 native plugins for Editor in 0.00 ms.
Unloading 1671 Unused Serialized files (Serialized files now loaded: 0)
Unloading 12 unused Assets / (24.6 KB). Loaded Objects now: 2154.
Memory consumption went from 71.8 MB to 71.8 MB.
Total: 2.091800 ms (FindLiveObjects: 0.093400 ms CreateObjectMapping: 0.029900 ms MarkObjects: 1.952900 ms  DeleteObjects: 0.014800 ms)

AssetImportParameters requested are different than current active one (requested -> active):
  custom:video-decoder-ogg-theora: a1e56fd34408186e4bbccfd4996cb3dc -> 
  custom:container-muxer-webm: aa71ff27fc2769a1b78a27578f13a17b -> 
  custom:container-demuxer-webm: 4f35f7cbe854078d1ac9338744f61a02 -> 
  custom:video-encoder-webm-vp8: eb34c28f22e8b96e1ab97ce403110664 -> 
  custom:video-codec-MediaFoundation-h265: 746d11721c4dcdbdad8f713fa42b33f4 -> 
  custom:audio-encoder-webm-vorbis: bf7c407c2cedff20999df2af8eb42d56 -> 
  custom:framework-win-MediaFoundation: 216162199b28c13a410421893ffa2e32 -> 
  custom:container-demuxer-ogg: 62fdf1f143b41e24485cea50d1cbac27 -> 
  custom:video-decoder-webm-vp8: 9c59270c3fd7afecdb556c50c9e8de78 -> 
  custom:audio-decoder-ogg-vorbis: bf7c407c2cedff20999df2af8eb42d56 -> 
========================================================================
Received Import Request.
  Time since last request: 13.645466 seconds.
  path: Assets/Script/Connection.cs
  artifactKey: Guid(248732b53a3eb064194f24d0b3802a77) Importer(815301076,1909f56bfc062723c751e8b465ee728b)
Start importing Assets/Script/Connection.cs using Guid(248732b53a3eb064194f24d0b3802a77) Importer(815301076,1909f56bfc062723c751e8b465ee728b)  -> (artifact id: '51aaece709aae5bd4f122784a5b76293') in 0.003641 seconds 
========================================================================
Received Import Request.
  Time since last request: 26.236502 seconds.
  path: Assets/Script/Connection.cs
  artifactKey: Guid(248732b53a3eb064194f24d0b3802a77) Importer(815301076,1909f56bfc062723c751e8b465ee728b)
Start importing Assets/Script/Connection.cs using Guid(248732b53a3eb064194f24d0b3802a77) Importer(815301076,1909f56bfc062723c751e8b465ee728b)  -> (artifact id: 'ab70bd0492a03561528a958d204927d1') in 0.001793 seconds 
========================================================================
Received Import Request.
  Time since last request: 27.642445 seconds.
  path: Assets/Script/Connection.cs
  artifactKey: Guid(248732b53a3eb064194f24d0b3802a77) Importer(815301076,1909f56bfc062723c751e8b465ee728b)
Start importing Assets/Script/Connection.cs using Guid(248732b53a3eb064194f24d0b3802a77) Importer(815301076,1909f56bfc062723c751e8b465ee728b)  -> (artifact id: '4c5e774d5e2f3dabce2aa52f471df3dc') in 0.002403 seconds 
========================================================================
Received Import Request.
  Time since last request: 33.684401 seconds.
  path: Assets/Script/Connection.cs
  artifactKey: Guid(248732b53a3eb064194f24d0b3802a77) Importer(815301076,1909f56bfc062723c751e8b465ee728b)
Start importing Assets/Script/Connection.cs using Guid(248732b53a3eb064194f24d0b3802a77) Importer(815301076,1909f56bfc062723c751e8b465ee728b)  -> (artifact id: 'a3599f53df02ced13689c9e56e45a405') in 0.001335 seconds 
========================================================================
Received Import Request.
  Time since last request: 10.269504 seconds.
  path: Assets/Script/Connection.cs
  artifactKey: Guid(248732b53a3eb064194f24d0b3802a77) Importer(815301076,1909f56bfc062723c751e8b465ee728b)
Start importing Assets/Script/Connection.cs using Guid(248732b53a3eb064194f24d0b3802a77) Importer(815301076,1909f56bfc062723c751e8b465ee728b)  -> (artifact id: 'efd947bc8c762d100f6c0aafe2011840') in 0.001244 seconds 
========================================================================
Received Import Request.
  Time since last request: 42.233995 seconds.
  path: Assets/Script/Connection.cs
  artifactKey: Guid(248732b53a3eb064194f24d0b3802a77) Importer(815301076,1909f56bfc062723c751e8b465ee728b)
Start importing Assets/Script/Connection.cs using Guid(248732b53a3eb064194f24d0b3802a77) Importer(815301076,1909f56bfc062723c751e8b465ee728b)  -> (artifact id: '9e8da5c8054549ba2789a115c0d7d8bc') in 0.008211 seconds 
========================================================================
Received Import Request.
  Time since last request: 115.460559 seconds.
  path: Assets/Script/Connection.cs
  artifactKey: Guid(248732b53a3eb064194f24d0b3802a77) Importer(815301076,1909f56bfc062723c751e8b465ee728b)
Start importing Assets/Script/Connection.cs using Guid(248732b53a3eb064194f24d0b3802a77) Importer(815301076,1909f56bfc062723c751e8b465ee728b)  -> (artifact id: 'addeaed8e98399286eedf62e086a22fc') in 0.001419 seconds 
========================================================================
Received Import Request.
  Time since last request: 18.019466 seconds.
  path: Assets/Script/Connection.cs
  artifactKey: Guid(248732b53a3eb064194f24d0b3802a77) Importer(815301076,1909f56bfc062723c751e8b465ee728b)
Start importing Assets/Script/Connection.cs using Guid(248732b53a3eb064194f24d0b3802a77) Importer(815301076,1909f56bfc062723c751e8b465ee728b)  -> (artifact id: 'eed0431ce2e3539c36a197ef9012ce95') in 0.001257 seconds 
========================================================================
Received Import Request.
  Time since last request: 123.883954 seconds.
  path: Assets/Script/Connection.cs
  artifactKey: Guid(248732b53a3eb064194f24d0b3802a77) Importer(815301076,1909f56bfc062723c751e8b465ee728b)
Start importing Assets/Script/Connection.cs using Guid(248732b53a3eb064194f24d0b3802a77) Importer(815301076,1909f56bfc062723c751e8b465ee728b)  -> (artifact id: '32f7bde14a59e2fcef587b561c0c9df6') in 0.001722 seconds 
